{"C:\\Users\\Asus\\Documents\\final-project-p3\\back-end\\backend-healthrevamp\\server\\app.js": {"path":"C:\\Users\\Asus\\Documents\\final-project-p3\\back-end\\backend-healthrevamp\\server\\app.js","statementMap":{"0":{"start":{"line":1,"column":16},"end":{"line":1,"column":34}},"1":{"start":{"line":2,"column":13},"end":{"line":2,"column":28}},"2":{"start":{"line":3,"column":14},"end":{"line":3,"column":39}},"3":{"start":{"line":4,"column":22},"end":{"line":4,"column":60}},"4":{"start":{"line":6,"column":13},"end":{"line":6,"column":37}},"5":{"start":{"line":8,"column":12},"end":{"line":8,"column":21}},"6":{"start":{"line":10,"column":0},"end":{"line":10,"column":16}},"7":{"start":{"line":11,"column":0},"end":{"line":11,"column":34}},"8":{"start":{"line":12,"column":0},"end":{"line":12,"column":24}},"9":{"start":{"line":13,"column":0},"end":{"line":13,"column":49}},"10":{"start":{"line":16,"column":0},"end":{"line":16,"column":15}},"11":{"start":{"line":17,"column":0},"end":{"line":17,"column":23}},"12":{"start":{"line":19,"column":0},"end":{"line":19,"column":20}}},"fnMap":{},"branchMap":{"0":{"loc":{"start":{"line":6,"column":13},"end":{"line":6,"column":37}},"type":"binary-expr","locations":[{"start":{"line":6,"column":13},"end":{"line":6,"column":29}},{"start":{"line":6,"column":33},"end":{"line":6,"column":37}}],"line":6}},"s":{"0":1,"1":1,"2":1,"3":1,"4":1,"5":1,"6":1,"7":1,"8":1,"9":1,"10":1,"11":1,"12":1},"f":{},"b":{"0":[1,1]},"_coverageSchema":"1a1c01bbd47fc00a2c39e90264f33305004495a9","hash":"633539b65d925ecfb649f8adae8cde57c814f463"}
,"C:\\Users\\Asus\\Documents\\final-project-p3\\back-end\\backend-healthrevamp\\server\\controllers\\controllerActivityLog.js": {"path":"C:\\Users\\Asus\\Documents\\final-project-p3\\back-end\\backend-healthrevamp\\server\\controllers\\controllerActivityLog.js","statementMap":{"0":{"start":{"line":1,"column":30},"end":{"line":1,"column":50}},"1":{"start":{"line":2,"column":14},"end":{"line":2,"column":30}},"2":{"start":{"line":11,"column":40},"end":{"line":11,"column":48}},"3":{"start":{"line":12,"column":20},"end":{"line":24,"column":5}},"4":{"start":{"line":26,"column":4},"end":{"line":46,"column":5}},"5":{"start":{"line":27,"column":23},"end":{"line":27,"column":51}},"6":{"start":{"line":29,"column":22},"end":{"line":33,"column":8}},"7":{"start":{"line":34,"column":6},"end":{"line":43,"column":7}},"8":{"start":{"line":35,"column":8},"end":{"line":38,"column":11}},"9":{"start":{"line":40,"column":21},"end":{"line":40,"column":66}},"10":{"start":{"line":41,"column":27},"end":{"line":41,"column":79}},"11":{"start":{"line":42,"column":8},"end":{"line":42,"column":44}},"12":{"start":{"line":45,"column":6},"end":{"line":45,"column":16}},"13":{"start":{"line":50,"column":0},"end":{"line":50,"column":40}}},"fnMap":{"0":{"name":"(anonymous_0)","decl":{"start":{"line":10,"column":2},"end":{"line":10,"column":3}},"loc":{"start":{"line":10,"column":49},"end":{"line":47,"column":3}},"line":10}},"branchMap":{"0":{"loc":{"start":{"line":34,"column":6},"end":{"line":43,"column":7}},"type":"if","locations":[{"start":{"line":34,"column":6},"end":{"line":43,"column":7}},{"start":{},"end":{}}],"line":34}},"s":{"0":1,"1":1,"2":0,"3":0,"4":0,"5":0,"6":0,"7":0,"8":0,"9":0,"10":0,"11":0,"12":0,"13":1},"f":{"0":0},"b":{"0":[0,0]},"_coverageSchema":"1a1c01bbd47fc00a2c39e90264f33305004495a9","hash":"75c4d328653cc19da30ecd0b3f13ba83e42323b1"}
,"C:\\Users\\Asus\\Documents\\final-project-p3\\back-end\\backend-healthrevamp\\server\\controllers\\controllerApi.js": {"path":"C:\\Users\\Asus\\Documents\\final-project-p3\\back-end\\backend-healthrevamp\\server\\controllers\\controllerApi.js","statementMap":{"0":{"start":{"line":1,"column":23},"end":{"line":1,"column":61}},"1":{"start":{"line":2,"column":15},"end":{"line":4,"column":1}},"2":{"start":{"line":5,"column":16},"end":{"line":5,"column":55}},"3":{"start":{"line":6,"column":24},"end":{"line":6,"column":44}},"4":{"start":{"line":7,"column":14},"end":{"line":7,"column":30}},"5":{"start":{"line":8,"column":13},"end":{"line":8,"column":33}},"6":{"start":{"line":12,"column":4},"end":{"line":30,"column":5}},"7":{"start":{"line":13,"column":27},"end":{"line":13,"column":35}},"8":{"start":{"line":16,"column":28},"end":{"line":22,"column":8}},"9":{"start":{"line":24,"column":6},"end":{"line":27,"column":9}},"10":{"start":{"line":29,"column":6},"end":{"line":29,"column":16}},"11":{"start":{"line":34,"column":4},"end":{"line":62,"column":5}},"12":{"start":{"line":35,"column":32},"end":{"line":35,"column":49}},"13":{"start":{"line":37,"column":23},"end":{"line":52,"column":8}},"14":{"start":{"line":54,"column":6},"end":{"line":57,"column":9}},"15":{"start":{"line":59,"column":6},"end":{"line":59,"column":24}},"16":{"start":{"line":61,"column":6},"end":{"line":61,"column":16}},"17":{"start":{"line":66,"column":19},"end":{"line":66,"column":43}},"18":{"start":{"line":68,"column":20},"end":{"line":78,"column":5}},"19":{"start":{"line":80,"column":4},"end":{"line":98,"column":5}},"20":{"start":{"line":81,"column":23},"end":{"line":81,"column":51}},"21":{"start":{"line":82,"column":25},"end":{"line":82,"column":43}},"22":{"start":{"line":84,"column":27},"end":{"line":87,"column":8}},"23":{"start":{"line":88,"column":34},"end":{"line":88,"column":75}},"24":{"start":{"line":88,"column":60},"end":{"line":88,"column":74}},"25":{"start":{"line":91,"column":33},"end":{"line":93,"column":7}},"26":{"start":{"line":92,"column":22},"end":{"line":92,"column":64}},"27":{"start":{"line":94,"column":6},"end":{"line":94,"column":38}},"28":{"start":{"line":95,"column":6},"end":{"line":95,"column":47}},"29":{"start":{"line":97,"column":6},"end":{"line":97,"column":27}},"30":{"start":{"line":102,"column":19},"end":{"line":102,"column":43}},"31":{"start":{"line":104,"column":4},"end":{"line":138,"column":5}},"32":{"start":{"line":106,"column":27},"end":{"line":109,"column":8}},"33":{"start":{"line":110,"column":34},"end":{"line":110,"column":75}},"34":{"start":{"line":110,"column":60},"end":{"line":110,"column":74}},"35":{"start":{"line":113,"column":22},"end":{"line":124,"column":7}},"36":{"start":{"line":126,"column":23},"end":{"line":126,"column":51}},"37":{"start":{"line":127,"column":25},"end":{"line":127,"column":43}},"38":{"start":{"line":130,"column":36},"end":{"line":132,"column":7}},"39":{"start":{"line":131,"column":8},"end":{"line":131,"column":49}},"40":{"start":{"line":134,"column":6},"end":{"line":134,"column":41}},"41":{"start":{"line":135,"column":6},"end":{"line":135,"column":50}},"42":{"start":{"line":137,"column":6},"end":{"line":137,"column":27}},"43":{"start":{"line":142,"column":4},"end":{"line":176,"column":5}},"44":{"start":{"line":143,"column":29},"end":{"line":143,"column":37}},"45":{"start":{"line":145,"column":31},"end":{"line":151,"column":7}},"46":{"start":{"line":152,"column":34},"end":{"line":152,"column":71}},"47":{"start":{"line":154,"column":6},"end":{"line":173,"column":7}},"48":{"start":{"line":155,"column":23},"end":{"line":157,"column":9}},"49":{"start":{"line":159,"column":23},"end":{"line":162,"column":9}},"50":{"start":{"line":164,"column":25},"end":{"line":170,"column":9}},"51":{"start":{"line":165,"column":31},"end":{"line":168,"column":11}},"52":{"start":{"line":169,"column":10},"end":{"line":169,"column":45}},"53":{"start":{"line":172,"column":8},"end":{"line":172,"column":38}},"54":{"start":{"line":175,"column":6},"end":{"line":175,"column":25}},"55":{"start":{"line":180,"column":4},"end":{"line":206,"column":5}},"56":{"start":{"line":181,"column":26},"end":{"line":181,"column":34}},"57":{"start":{"line":183,"column":23},"end":{"line":201,"column":7}},"58":{"start":{"line":202,"column":6},"end":{"line":202,"column":71}},"59":{"start":{"line":204,"column":6},"end":{"line":204,"column":25}},"60":{"start":{"line":205,"column":6},"end":{"line":205,"column":18}},"61":{"start":{"line":211,"column":20},"end":{"line":220,"column":5}},"62":{"start":{"line":212,"column":6},"end":{"line":219,"column":7}},"63":{"start":{"line":214,"column":8},"end":{"line":214,"column":64}},"64":{"start":{"line":218,"column":8},"end":{"line":218,"column":51}},"65":{"start":{"line":223,"column":4},"end":{"line":225,"column":7}},"66":{"start":{"line":224,"column":6},"end":{"line":224,"column":22}},"67":{"start":{"line":237,"column":0},"end":{"line":237,"column":31}}},"fnMap":{"0":{"name":"(anonymous_0)","decl":{"start":{"line":11,"column":2},"end":{"line":11,"column":3}},"loc":{"start":{"line":11,"column":45},"end":{"line":31,"column":3}},"line":11},"1":{"name":"(anonymous_1)","decl":{"start":{"line":33,"column":2},"end":{"line":33,"column":3}},"loc":{"start":{"line":33,"column":40},"end":{"line":63,"column":3}},"line":33},"2":{"name":"(anonymous_2)","decl":{"start":{"line":65,"column":2},"end":{"line":65,"column":3}},"loc":{"start":{"line":65,"column":49},"end":{"line":99,"column":3}},"line":65},"3":{"name":"(anonymous_3)","decl":{"start":{"line":88,"column":51},"end":{"line":88,"column":52}},"loc":{"start":{"line":88,"column":60},"end":{"line":88,"column":74}},"line":88},"4":{"name":"(anonymous_4)","decl":{"start":{"line":92,"column":8},"end":{"line":92,"column":9}},"loc":{"start":{"line":92,"column":22},"end":{"line":92,"column":64}},"line":92},"5":{"name":"(anonymous_5)","decl":{"start":{"line":101,"column":2},"end":{"line":101,"column":3}},"loc":{"start":{"line":101,"column":49},"end":{"line":139,"column":3}},"line":101},"6":{"name":"(anonymous_6)","decl":{"start":{"line":110,"column":51},"end":{"line":110,"column":52}},"loc":{"start":{"line":110,"column":60},"end":{"line":110,"column":74}},"line":110},"7":{"name":"(anonymous_7)","decl":{"start":{"line":130,"column":54},"end":{"line":130,"column":55}},"loc":{"start":{"line":131,"column":8},"end":{"line":131,"column":49}},"line":131},"8":{"name":"(anonymous_8)","decl":{"start":{"line":141,"column":2},"end":{"line":141,"column":3}},"loc":{"start":{"line":141,"column":45},"end":{"line":177,"column":3}},"line":141},"9":{"name":"(anonymous_9)","decl":{"start":{"line":164,"column":25},"end":{"line":164,"column":26}},"loc":{"start":{"line":164,"column":41},"end":{"line":170,"column":9}},"line":164},"10":{"name":"(anonymous_10)","decl":{"start":{"line":179,"column":2},"end":{"line":179,"column":3}},"loc":{"start":{"line":179,"column":49},"end":{"line":207,"column":3}},"line":179},"11":{"name":"(anonymous_11)","decl":{"start":{"line":209,"column":2},"end":{"line":209,"column":3}},"loc":{"start":{"line":209,"column":47},"end":{"line":234,"column":3}},"line":209},"12":{"name":"(anonymous_12)","decl":{"start":{"line":211,"column":20},"end":{"line":211,"column":21}},"loc":{"start":{"line":211,"column":32},"end":{"line":220,"column":5}},"line":211},"13":{"name":"(anonymous_13)","decl":{"start":{"line":223,"column":31},"end":{"line":223,"column":32}},"loc":{"start":{"line":223,"column":43},"end":{"line":225,"column":5}},"line":223}},"branchMap":{"0":{"loc":{"start":{"line":154,"column":6},"end":{"line":173,"column":7}},"type":"if","locations":[{"start":{"line":154,"column":6},"end":{"line":173,"column":7}},{"start":{},"end":{}}],"line":154}},"s":{"0":1,"1":1,"2":1,"3":1,"4":1,"5":1,"6":0,"7":0,"8":0,"9":0,"10":0,"11":0,"12":0,"13":0,"14":0,"15":0,"16":0,"17":0,"18":0,"19":0,"20":0,"21":0,"22":0,"23":0,"24":0,"25":0,"26":0,"27":0,"28":0,"29":0,"30":0,"31":0,"32":0,"33":0,"34":0,"35":0,"36":0,"37":0,"38":0,"39":0,"40":0,"41":0,"42":0,"43":0,"44":0,"45":0,"46":0,"47":0,"48":0,"49":0,"50":0,"51":0,"52":0,"53":0,"54":0,"55":0,"56":0,"57":0,"58":0,"59":0,"60":0,"61":0,"62":0,"63":0,"64":0,"65":0,"66":0,"67":1},"f":{"0":0,"1":0,"2":0,"3":0,"4":0,"5":0,"6":0,"7":0,"8":0,"9":0,"10":0,"11":0,"12":0,"13":0},"b":{"0":[0,0]},"_coverageSchema":"1a1c01bbd47fc00a2c39e90264f33305004495a9","hash":"8c6b386f45408fed51403ffd1560e53658fa6c61"}
,"C:\\Users\\Asus\\Documents\\final-project-p3\\back-end\\backend-healthrevamp\\server\\controllers\\controllerHabit.js": {"path":"C:\\Users\\Asus\\Documents\\final-project-p3\\back-end\\backend-healthrevamp\\server\\controllers\\controllerHabit.js","statementMap":{"0":{"start":{"line":1,"column":18},"end":{"line":1,"column":38}},"1":{"start":{"line":5,"column":4},"end":{"line":19,"column":5}},"2":{"start":{"line":6,"column":25},"end":{"line":6,"column":42}},"3":{"start":{"line":7,"column":6},"end":{"line":7,"column":26}},"4":{"start":{"line":8,"column":21},"end":{"line":12,"column":8}},"5":{"start":{"line":13,"column":6},"end":{"line":16,"column":9}},"6":{"start":{"line":18,"column":6},"end":{"line":18,"column":16}},"7":{"start":{"line":23,"column":4},"end":{"line":39,"column":5}},"8":{"start":{"line":24,"column":25},"end":{"line":24,"column":42}},"9":{"start":{"line":25,"column":42},"end":{"line":25,"column":50}},"10":{"start":{"line":26,"column":25},"end":{"line":31,"column":8}},"11":{"start":{"line":33,"column":6},"end":{"line":36,"column":9}},"12":{"start":{"line":38,"column":6},"end":{"line":38,"column":16}},"13":{"start":{"line":43,"column":4},"end":{"line":61,"column":5}},"14":{"start":{"line":44,"column":25},"end":{"line":44,"column":42}},"15":{"start":{"line":45,"column":21},"end":{"line":45,"column":31}},"16":{"start":{"line":46,"column":20},"end":{"line":46,"column":58}},"17":{"start":{"line":47,"column":6},"end":{"line":47,"column":45}},"18":{"start":{"line":47,"column":18},"end":{"line":47,"column":45}},"19":{"start":{"line":48,"column":6},"end":{"line":48,"column":65}},"20":{"start":{"line":48,"column":34},"end":{"line":48,"column":65}},"21":{"start":{"line":49,"column":27},"end":{"line":53,"column":8}},"22":{"start":{"line":55,"column":6},"end":{"line":58,"column":9}},"23":{"start":{"line":60,"column":6},"end":{"line":60,"column":16}},"24":{"start":{"line":65,"column":0},"end":{"line":65,"column":33}}},"fnMap":{"0":{"name":"(anonymous_0)","decl":{"start":{"line":4,"column":2},"end":{"line":4,"column":3}},"loc":{"start":{"line":4,"column":41},"end":{"line":20,"column":3}},"line":4},"1":{"name":"(anonymous_1)","decl":{"start":{"line":22,"column":2},"end":{"line":22,"column":3}},"loc":{"start":{"line":22,"column":41},"end":{"line":40,"column":3}},"line":22},"2":{"name":"(anonymous_2)","decl":{"start":{"line":42,"column":2},"end":{"line":42,"column":3}},"loc":{"start":{"line":42,"column":44},"end":{"line":62,"column":3}},"line":42}},"branchMap":{"0":{"loc":{"start":{"line":47,"column":6},"end":{"line":47,"column":45}},"type":"if","locations":[{"start":{"line":47,"column":6},"end":{"line":47,"column":45}},{"start":{},"end":{}}],"line":47},"1":{"loc":{"start":{"line":48,"column":6},"end":{"line":48,"column":65}},"type":"if","locations":[{"start":{"line":48,"column":6},"end":{"line":48,"column":65}},{"start":{},"end":{}}],"line":48}},"s":{"0":1,"1":0,"2":0,"3":0,"4":0,"5":0,"6":0,"7":0,"8":0,"9":0,"10":0,"11":0,"12":0,"13":0,"14":0,"15":0,"16":0,"17":0,"18":0,"19":0,"20":0,"21":0,"22":0,"23":0,"24":1},"f":{"0":0,"1":0,"2":0},"b":{"0":[0,0],"1":[0,0]},"_coverageSchema":"1a1c01bbd47fc00a2c39e90264f33305004495a9","hash":"edf8aaa154878fb0de932e5d49045ad7745a9821"}
,"C:\\Users\\Asus\\Documents\\final-project-p3\\back-end\\backend-healthrevamp\\server\\controllers\\controllerUser.js": {"path":"C:\\Users\\Asus\\Documents\\final-project-p3\\back-end\\backend-healthrevamp\\server\\controllers\\controllerUser.js","statementMap":{"0":{"start":{"line":1,"column":17},"end":{"line":1,"column":37}},"1":{"start":{"line":2,"column":26},"end":{"line":2,"column":61}},"2":{"start":{"line":3,"column":15},"end":{"line":3,"column":34}},"3":{"start":{"line":4,"column":19},"end":{"line":4,"column":51}},"4":{"start":{"line":8,"column":4},"end":{"line":30,"column":5}},"5":{"start":{"line":9,"column":44},"end":{"line":9,"column":52}},"6":{"start":{"line":10,"column":22},"end":{"line":20,"column":8}},"7":{"start":{"line":22,"column":6},"end":{"line":27,"column":7}},"8":{"start":{"line":23,"column":8},"end":{"line":26,"column":11}},"9":{"start":{"line":29,"column":6},"end":{"line":29,"column":16}},"10":{"start":{"line":34,"column":4},"end":{"line":68,"column":5}},"11":{"start":{"line":35,"column":34},"end":{"line":35,"column":42}},"12":{"start":{"line":36,"column":19},"end":{"line":36,"column":59}},"13":{"start":{"line":38,"column":6},"end":{"line":38,"column":46}},"14":{"start":{"line":38,"column":17},"end":{"line":38,"column":46}},"15":{"start":{"line":39,"column":6},"end":{"line":39,"column":24}},"16":{"start":{"line":40,"column":6},"end":{"line":65,"column":7}},"17":{"start":{"line":42,"column":29},"end":{"line":48,"column":10}},"18":{"start":{"line":50,"column":8},"end":{"line":64,"column":44}},"19":{"start":{"line":52,"column":10},"end":{"line":63,"column":13}},"20":{"start":{"line":64,"column":15},"end":{"line":64,"column":44}},"21":{"start":{"line":67,"column":6},"end":{"line":67,"column":16}},"22":{"start":{"line":72,"column":4},"end":{"line":85,"column":5}},"23":{"start":{"line":77,"column":25},"end":{"line":77,"column":42}},"24":{"start":{"line":78,"column":6},"end":{"line":78,"column":61}},"25":{"start":{"line":79,"column":6},"end":{"line":82,"column":9}},"26":{"start":{"line":84,"column":6},"end":{"line":84,"column":16}},"27":{"start":{"line":89,"column":4},"end":{"line":111,"column":5}},"28":{"start":{"line":90,"column":19},"end":{"line":90,"column":64}},"29":{"start":{"line":92,"column":25},"end":{"line":92,"column":33}},"30":{"start":{"line":93,"column":20},"end":{"line":93,"column":30}},"31":{"start":{"line":95,"column":6},"end":{"line":101,"column":7}},"32":{"start":{"line":97,"column":8},"end":{"line":97,"column":50}},"33":{"start":{"line":100,"column":8},"end":{"line":100,"column":49}},"34":{"start":{"line":103,"column":6},"end":{"line":103,"column":45}},"35":{"start":{"line":105,"column":6},"end":{"line":108,"column":9}},"36":{"start":{"line":110,"column":6},"end":{"line":110,"column":16}},"37":{"start":{"line":115,"column":4},"end":{"line":143,"column":5}},"38":{"start":{"line":116,"column":19},"end":{"line":116,"column":64}},"39":{"start":{"line":119,"column":33},"end":{"line":119,"column":37}},"40":{"start":{"line":121,"column":22},"end":{"line":121,"column":30}},"41":{"start":{"line":123,"column":20},"end":{"line":123,"column":59}},"42":{"start":{"line":124,"column":6},"end":{"line":126,"column":7}},"43":{"start":{"line":125,"column":8},"end":{"line":125,"column":58}},"44":{"start":{"line":128,"column":32},"end":{"line":128,"column":70}},"45":{"start":{"line":129,"column":26},"end":{"line":129,"column":65}},"46":{"start":{"line":130,"column":18},"end":{"line":130,"column":28}},"47":{"start":{"line":132,"column":6},"end":{"line":134,"column":7}},"48":{"start":{"line":133,"column":8},"end":{"line":133,"column":29}},"49":{"start":{"line":135,"column":6},"end":{"line":135,"column":70}},"50":{"start":{"line":137,"column":6},"end":{"line":140,"column":9}},"51":{"start":{"line":142,"column":6},"end":{"line":142,"column":16}},"52":{"start":{"line":147,"column":4},"end":{"line":169,"column":5}},"53":{"start":{"line":148,"column":19},"end":{"line":148,"column":64}},"54":{"start":{"line":151,"column":20},"end":{"line":154,"column":8}},"55":{"start":{"line":156,"column":34},"end":{"line":156,"column":78}},"56":{"start":{"line":156,"column":57},"end":{"line":156,"column":73}},"57":{"start":{"line":157,"column":25},"end":{"line":157,"column":43}},"58":{"start":{"line":159,"column":6},"end":{"line":166,"column":9}},"59":{"start":{"line":168,"column":6},"end":{"line":168,"column":16}},"60":{"start":{"line":173,"column":0},"end":{"line":173,"column":32}}},"fnMap":{"0":{"name":"(anonymous_0)","decl":{"start":{"line":7,"column":2},"end":{"line":7,"column":3}},"loc":{"start":{"line":7,"column":44},"end":{"line":31,"column":3}},"line":7},"1":{"name":"(anonymous_1)","decl":{"start":{"line":33,"column":2},"end":{"line":33,"column":3}},"loc":{"start":{"line":33,"column":41},"end":{"line":69,"column":3}},"line":33},"2":{"name":"(anonymous_2)","decl":{"start":{"line":71,"column":2},"end":{"line":71,"column":3}},"loc":{"start":{"line":71,"column":45},"end":{"line":86,"column":3}},"line":71},"3":{"name":"(anonymous_3)","decl":{"start":{"line":88,"column":2},"end":{"line":88,"column":3}},"loc":{"start":{"line":88,"column":47},"end":{"line":112,"column":3}},"line":88},"4":{"name":"(anonymous_4)","decl":{"start":{"line":114,"column":2},"end":{"line":114,"column":3}},"loc":{"start":{"line":114,"column":50},"end":{"line":144,"column":3}},"line":114},"5":{"name":"(anonymous_5)","decl":{"start":{"line":146,"column":2},"end":{"line":146,"column":3}},"loc":{"start":{"line":146,"column":47},"end":{"line":170,"column":3}},"line":146},"6":{"name":"(anonymous_6)","decl":{"start":{"line":156,"column":50},"end":{"line":156,"column":51}},"loc":{"start":{"line":156,"column":57},"end":{"line":156,"column":73}},"line":156}},"branchMap":{"0":{"loc":{"start":{"line":22,"column":6},"end":{"line":27,"column":7}},"type":"if","locations":[{"start":{"line":22,"column":6},"end":{"line":27,"column":7}},{"start":{},"end":{}}],"line":22},"1":{"loc":{"start":{"line":38,"column":6},"end":{"line":38,"column":46}},"type":"if","locations":[{"start":{"line":38,"column":6},"end":{"line":38,"column":46}},{"start":{},"end":{}}],"line":38},"2":{"loc":{"start":{"line":40,"column":6},"end":{"line":65,"column":7}},"type":"if","locations":[{"start":{"line":40,"column":6},"end":{"line":65,"column":7}},{"start":{},"end":{}}],"line":40},"3":{"loc":{"start":{"line":50,"column":8},"end":{"line":64,"column":44}},"type":"if","locations":[{"start":{"line":50,"column":8},"end":{"line":64,"column":44}},{"start":{"line":64,"column":15},"end":{"line":64,"column":44}}],"line":50},"4":{"loc":{"start":{"line":95,"column":6},"end":{"line":101,"column":7}},"type":"if","locations":[{"start":{"line":95,"column":6},"end":{"line":101,"column":7}},{"start":{"line":98,"column":13},"end":{"line":101,"column":7}}],"line":95},"5":{"loc":{"start":{"line":124,"column":6},"end":{"line":126,"column":7}},"type":"if","locations":[{"start":{"line":124,"column":6},"end":{"line":126,"column":7}},{"start":{},"end":{}}],"line":124},"6":{"loc":{"start":{"line":132,"column":6},"end":{"line":134,"column":7}},"type":"if","locations":[{"start":{"line":132,"column":6},"end":{"line":134,"column":7}},{"start":{},"end":{}}],"line":132}},"s":{"0":1,"1":1,"2":1,"3":1,"4":4,"5":4,"6":4,"7":2,"8":2,"9":2,"10":4,"11":4,"12":4,"13":4,"14":1,"15":3,"16":3,"17":3,"18":3,"19":2,"20":1,"21":2,"22":1,"23":1,"24":1,"25":1,"26":0,"27":1,"28":1,"29":1,"30":1,"31":1,"32":1,"33":0,"34":1,"35":1,"36":0,"37":1,"38":1,"39":1,"40":1,"41":1,"42":1,"43":0,"44":1,"45":1,"46":1,"47":1,"48":0,"49":1,"50":1,"51":0,"52":1,"53":1,"54":1,"55":1,"56":1,"57":1,"58":1,"59":0,"60":1},"f":{"0":4,"1":4,"2":1,"3":1,"4":1,"5":1,"6":1},"b":{"0":[2,0],"1":[1,3],"2":[3,0],"3":[2,1],"4":[1,0],"5":[0,1],"6":[0,1]},"_coverageSchema":"1a1c01bbd47fc00a2c39e90264f33305004495a9","hash":"66448735d563bac0707570d7e68833e77b64e62d"}
,"C:\\Users\\Asus\\Documents\\final-project-p3\\back-end\\backend-healthrevamp\\server\\helpers\\jwt-generator.js": {"path":"C:\\Users\\Asus\\Documents\\final-project-p3\\back-end\\backend-healthrevamp\\server\\helpers\\jwt-generator.js","statementMap":{"0":{"start":{"line":1,"column":12},"end":{"line":1,"column":35}},"1":{"start":{"line":3,"column":23},"end":{"line":3,"column":66}},"2":{"start":{"line":6,"column":22},"end":{"line":8,"column":1}},"3":{"start":{"line":7,"column":2},"end":{"line":7,"column":64}},"4":{"start":{"line":11,"column":20},"end":{"line":13,"column":1}},"5":{"start":{"line":12,"column":2},"end":{"line":12,"column":43}},"6":{"start":{"line":15,"column":0},"end":{"line":15,"column":48}}},"fnMap":{"0":{"name":"(anonymous_0)","decl":{"start":{"line":6,"column":22},"end":{"line":6,"column":23}},"loc":{"start":{"line":6,"column":35},"end":{"line":8,"column":1}},"line":6},"1":{"name":"(anonymous_1)","decl":{"start":{"line":11,"column":20},"end":{"line":11,"column":21}},"loc":{"start":{"line":11,"column":31},"end":{"line":13,"column":1}},"line":11}},"branchMap":{"0":{"loc":{"start":{"line":3,"column":23},"end":{"line":3,"column":66}},"type":"binary-expr","locations":[{"start":{"line":3,"column":23},"end":{"line":3,"column":49}},{"start":{"line":3,"column":53},"end":{"line":3,"column":66}}],"line":3}},"s":{"0":1,"1":1,"2":1,"3":3,"4":1,"5":7,"6":1},"f":{"0":3,"1":7},"b":{"0":[1,1]},"_coverageSchema":"1a1c01bbd47fc00a2c39e90264f33305004495a9","hash":"380578631872f311a63f4a4c433e799c5616dc39"}
,"C:\\Users\\Asus\\Documents\\final-project-p3\\back-end\\backend-healthrevamp\\server\\helpers\\subscribePayment.js": {"path":"C:\\Users\\Asus\\Documents\\final-project-p3\\back-end\\backend-healthrevamp\\server\\helpers\\subscribePayment.js","statementMap":{"0":{"start":{"line":1,"column":23},"end":{"line":12,"column":1}},"1":{"start":{"line":2,"column":2},"end":{"line":11,"column":3}},"2":{"start":{"line":4,"column":6},"end":{"line":4,"column":21}},"3":{"start":{"line":6,"column":6},"end":{"line":6,"column":21}},"4":{"start":{"line":8,"column":6},"end":{"line":8,"column":21}},"5":{"start":{"line":10,"column":6},"end":{"line":10,"column":21}},"6":{"start":{"line":14,"column":0},"end":{"line":14,"column":31}}},"fnMap":{"0":{"name":"(anonymous_0)","decl":{"start":{"line":1,"column":23},"end":{"line":1,"column":24}},"loc":{"start":{"line":1,"column":37},"end":{"line":12,"column":1}},"line":1}},"branchMap":{"0":{"loc":{"start":{"line":2,"column":2},"end":{"line":11,"column":3}},"type":"switch","locations":[{"start":{"line":3,"column":4},"end":{"line":4,"column":21}},{"start":{"line":5,"column":4},"end":{"line":6,"column":21}},{"start":{"line":7,"column":4},"end":{"line":8,"column":21}},{"start":{"line":9,"column":4},"end":{"line":10,"column":21}}],"line":2}},"s":{"0":1,"1":0,"2":0,"3":0,"4":0,"5":0,"6":1},"f":{"0":0},"b":{"0":[0,0,0,0]},"_coverageSchema":"1a1c01bbd47fc00a2c39e90264f33305004495a9","hash":"119a16b9d8c6a693923f6dd360aaf003d19f39d9"}
,"C:\\Users\\Asus\\Documents\\final-project-p3\\back-end\\backend-healthrevamp\\server\\helpers\\updateDate.js": {"path":"C:\\Users\\Asus\\Documents\\final-project-p3\\back-end\\backend-healthrevamp\\server\\helpers\\updateDate.js","statementMap":{"0":{"start":{"line":1,"column":19},"end":{"line":3,"column":1}},"1":{"start":{"line":2,"column":2},"end":{"line":2,"column":68}},"2":{"start":{"line":5,"column":0},"end":{"line":5,"column":28}}},"fnMap":{"0":{"name":"(anonymous_0)","decl":{"start":{"line":1,"column":19},"end":{"line":1,"column":20}},"loc":{"start":{"line":1,"column":38},"end":{"line":3,"column":1}},"line":1}},"branchMap":{},"s":{"0":1,"1":5,"2":1},"f":{"0":5},"b":{},"_coverageSchema":"1a1c01bbd47fc00a2c39e90264f33305004495a9","hash":"91b43984b4c241740e085256dd196cc72c338570"}
,"C:\\Users\\Asus\\Documents\\final-project-p3\\back-end\\backend-healthrevamp\\server\\middlewares\\authentication.js": {"path":"C:\\Users\\Asus\\Documents\\final-project-p3\\back-end\\backend-healthrevamp\\server\\middlewares\\authentication.js","statementMap":{"0":{"start":{"line":1,"column":24},"end":{"line":1,"column":59}},"1":{"start":{"line":2,"column":17},"end":{"line":2,"column":43}},"2":{"start":{"line":5,"column":2},"end":{"line":31,"column":3}},"3":{"start":{"line":6,"column":29},"end":{"line":6,"column":40}},"4":{"start":{"line":7,"column":4},"end":{"line":7,"column":30}},"5":{"start":{"line":8,"column":4},"end":{"line":10,"column":5}},"6":{"start":{"line":9,"column":6},"end":{"line":9,"column":46}},"7":{"start":{"line":12,"column":20},"end":{"line":12,"column":45}},"8":{"start":{"line":14,"column":15},"end":{"line":14,"column":17}},"9":{"start":{"line":15,"column":4},"end":{"line":15,"column":61}},"10":{"start":{"line":17,"column":4},"end":{"line":19,"column":5}},"11":{"start":{"line":18,"column":6},"end":{"line":18,"column":46}},"12":{"start":{"line":21,"column":4},"end":{"line":26,"column":6}},"13":{"start":{"line":28,"column":4},"end":{"line":28,"column":11}},"14":{"start":{"line":30,"column":4},"end":{"line":30,"column":14}},"15":{"start":{"line":34,"column":0},"end":{"line":34,"column":32}}},"fnMap":{"0":{"name":"authentication","decl":{"start":{"line":4,"column":15},"end":{"line":4,"column":29}},"loc":{"start":{"line":4,"column":46},"end":{"line":32,"column":1}},"line":4}},"branchMap":{"0":{"loc":{"start":{"line":8,"column":4},"end":{"line":10,"column":5}},"type":"if","locations":[{"start":{"line":8,"column":4},"end":{"line":10,"column":5}},{"start":{},"end":{}}],"line":8},"1":{"loc":{"start":{"line":17,"column":4},"end":{"line":19,"column":5}},"type":"if","locations":[{"start":{"line":17,"column":4},"end":{"line":19,"column":5}},{"start":{},"end":{}}],"line":17}},"s":{"0":1,"1":1,"2":10,"3":10,"4":10,"5":10,"6":3,"7":7,"8":4,"9":4,"10":4,"11":0,"12":4,"13":4,"14":6,"15":1},"f":{"0":10},"b":{"0":[3,7],"1":[0,4]},"_coverageSchema":"1a1c01bbd47fc00a2c39e90264f33305004495a9","hash":"50fdbd2ae27d7b84d2af901f574d96d2d5c8b280"}
,"C:\\Users\\Asus\\Documents\\final-project-p3\\back-end\\backend-healthrevamp\\server\\middlewares\\errorHandling.js": {"path":"C:\\Users\\Asus\\Documents\\final-project-p3\\back-end\\backend-healthrevamp\\server\\middlewares\\errorHandling.js","statementMap":{"0":{"start":{"line":2,"column":19},"end":{"line":2,"column":22}},"1":{"start":{"line":3,"column":2},"end":{"line":3,"column":19}},"2":{"start":{"line":4,"column":16},"end":{"line":4,"column":18}},"3":{"start":{"line":5,"column":2},"end":{"line":40,"column":3}},"4":{"start":{"line":7,"column":23},"end":{"line":9,"column":8}},"5":{"start":{"line":8,"column":8},"end":{"line":8,"column":26}},"6":{"start":{"line":10,"column":6},"end":{"line":10,"column":23}},"7":{"start":{"line":11,"column":6},"end":{"line":11,"column":25}},"8":{"start":{"line":12,"column":6},"end":{"line":12,"column":12}},"9":{"start":{"line":14,"column":6},"end":{"line":14,"column":23}},"10":{"start":{"line":15,"column":6},"end":{"line":15,"column":39}},"11":{"start":{"line":16,"column":6},"end":{"line":16,"column":12}},"12":{"start":{"line":18,"column":6},"end":{"line":18,"column":23}},"13":{"start":{"line":19,"column":6},"end":{"line":19,"column":32}},"14":{"start":{"line":20,"column":6},"end":{"line":20,"column":12}},"15":{"start":{"line":22,"column":6},"end":{"line":22,"column":23}},"16":{"start":{"line":23,"column":6},"end":{"line":23,"column":41}},"17":{"start":{"line":24,"column":6},"end":{"line":24,"column":12}},"18":{"start":{"line":26,"column":6},"end":{"line":26,"column":23}},"19":{"start":{"line":27,"column":6},"end":{"line":27,"column":33}},"20":{"start":{"line":28,"column":6},"end":{"line":28,"column":12}},"21":{"start":{"line":30,"column":6},"end":{"line":30,"column":23}},"22":{"start":{"line":31,"column":6},"end":{"line":31,"column":28}},"23":{"start":{"line":32,"column":6},"end":{"line":32,"column":12}},"24":{"start":{"line":34,"column":6},"end":{"line":34,"column":23}},"25":{"start":{"line":35,"column":6},"end":{"line":35,"column":31}},"26":{"start":{"line":36,"column":6},"end":{"line":36,"column":12}},"27":{"start":{"line":38,"column":6},"end":{"line":38,"column":40}},"28":{"start":{"line":39,"column":6},"end":{"line":39,"column":12}},"29":{"start":{"line":41,"column":2},"end":{"line":44,"column":5}},"30":{"start":{"line":47,"column":0},"end":{"line":47,"column":31}}},"fnMap":{"0":{"name":"errorHandling","decl":{"start":{"line":1,"column":9},"end":{"line":1,"column":22}},"loc":{"start":{"line":1,"column":44},"end":{"line":45,"column":1}},"line":1},"1":{"name":"(anonymous_1)","decl":{"start":{"line":7,"column":38},"end":{"line":7,"column":39}},"loc":{"start":{"line":7,"column":46},"end":{"line":9,"column":7}},"line":7}},"branchMap":{"0":{"loc":{"start":{"line":5,"column":2},"end":{"line":40,"column":3}},"type":"switch","locations":[{"start":{"line":6,"column":4},"end":{"line":12,"column":12}},{"start":{"line":13,"column":4},"end":{"line":16,"column":12}},{"start":{"line":17,"column":4},"end":{"line":20,"column":12}},{"start":{"line":21,"column":4},"end":{"line":24,"column":12}},{"start":{"line":25,"column":4},"end":{"line":28,"column":12}},{"start":{"line":29,"column":4},"end":{"line":32,"column":12}},{"start":{"line":33,"column":4},"end":{"line":36,"column":12}},{"start":{"line":37,"column":4},"end":{"line":39,"column":12}}],"line":5}},"s":{"0":10,"1":10,"2":10,"3":10,"4":1,"5":4,"6":1,"7":1,"8":1,"9":3,"10":3,"11":3,"12":3,"13":3,"14":3,"15":2,"16":2,"17":2,"18":0,"19":0,"20":0,"21":0,"22":0,"23":0,"24":1,"25":1,"26":1,"27":0,"28":0,"29":10,"30":1},"f":{"0":10,"1":4},"b":{"0":[1,3,3,2,0,0,1,0]},"_coverageSchema":"1a1c01bbd47fc00a2c39e90264f33305004495a9","hash":"ea5542d77281ffce4a355c6e71a095788633e3bd"}
,"C:\\Users\\Asus\\Documents\\final-project-p3\\back-end\\backend-healthrevamp\\server\\models\\activitylog.js": {"path":"C:\\Users\\Asus\\Documents\\final-project-p3\\back-end\\backend-healthrevamp\\server\\models\\activitylog.js","statementMap":{"0":{"start":{"line":2,"column":18},"end":{"line":2,"column":38}},"1":{"start":{"line":3,"column":0},"end":{"line":41,"column":2}},"2":{"start":{"line":12,"column":6},"end":{"line":12,"column":38}},"3":{"start":{"line":15,"column":2},"end":{"line":39,"column":4}},"4":{"start":{"line":40,"column":2},"end":{"line":40,"column":21}}},"fnMap":{"0":{"name":"(anonymous_0)","decl":{"start":{"line":3,"column":17},"end":{"line":3,"column":18}},"loc":{"start":{"line":3,"column":43},"end":{"line":41,"column":1}},"line":3},"1":{"name":"(anonymous_1)","decl":{"start":{"line":10,"column":4},"end":{"line":10,"column":5}},"loc":{"start":{"line":10,"column":29},"end":{"line":13,"column":5}},"line":10}},"branchMap":{},"s":{"0":1,"1":1,"2":1,"3":1,"4":1},"f":{"0":1,"1":1},"b":{},"_coverageSchema":"1a1c01bbd47fc00a2c39e90264f33305004495a9","hash":"39e9f7135b9a608012be9ad67859bf84444b1a8f"}
,"C:\\Users\\Asus\\Documents\\final-project-p3\\back-end\\backend-healthrevamp\\server\\models\\habit.js": {"path":"C:\\Users\\Asus\\Documents\\final-project-p3\\back-end\\backend-healthrevamp\\server\\models\\habit.js","statementMap":{"0":{"start":{"line":2,"column":18},"end":{"line":2,"column":38}},"1":{"start":{"line":3,"column":0},"end":{"line":54,"column":2}},"2":{"start":{"line":12,"column":6},"end":{"line":12,"column":38}},"3":{"start":{"line":15,"column":2},"end":{"line":52,"column":4}},"4":{"start":{"line":53,"column":2},"end":{"line":53,"column":15}}},"fnMap":{"0":{"name":"(anonymous_0)","decl":{"start":{"line":3,"column":17},"end":{"line":3,"column":18}},"loc":{"start":{"line":3,"column":43},"end":{"line":54,"column":1}},"line":3},"1":{"name":"(anonymous_1)","decl":{"start":{"line":10,"column":4},"end":{"line":10,"column":5}},"loc":{"start":{"line":10,"column":29},"end":{"line":13,"column":5}},"line":10}},"branchMap":{},"s":{"0":1,"1":1,"2":1,"3":1,"4":1},"f":{"0":1,"1":1},"b":{},"_coverageSchema":"1a1c01bbd47fc00a2c39e90264f33305004495a9","hash":"c6cdfe6645dad37b7d7696854225de980151ef74"}
,"C:\\Users\\Asus\\Documents\\final-project-p3\\back-end\\backend-healthrevamp\\server\\models\\index.js": {"path":"C:\\Users\\Asus\\Documents\\final-project-p3\\back-end\\backend-healthrevamp\\server\\models\\index.js","statementMap":{"0":{"start":{"line":3,"column":11},"end":{"line":3,"column":24}},"1":{"start":{"line":4,"column":13},"end":{"line":4,"column":28}},"2":{"start":{"line":5,"column":18},"end":{"line":5,"column":38}},"3":{"start":{"line":6,"column":16},"end":{"line":6,"column":34}},"4":{"start":{"line":7,"column":17},"end":{"line":7,"column":42}},"5":{"start":{"line":8,"column":12},"end":{"line":8,"column":49}},"6":{"start":{"line":9,"column":15},"end":{"line":9,"column":65}},"7":{"start":{"line":10,"column":11},"end":{"line":10,"column":13}},"8":{"start":{"line":13,"column":0},"end":{"line":17,"column":1}},"9":{"start":{"line":14,"column":2},"end":{"line":14,"column":74}},"10":{"start":{"line":16,"column":2},"end":{"line":16,"column":87}},"11":{"start":{"line":19,"column":0},"end":{"line":32,"column":5}},"12":{"start":{"line":22,"column":4},"end":{"line":27,"column":6}},"13":{"start":{"line":30,"column":18},"end":{"line":30,"column":85}},"14":{"start":{"line":31,"column":4},"end":{"line":31,"column":27}},"15":{"start":{"line":34,"column":0},"end":{"line":38,"column":3}},"16":{"start":{"line":35,"column":2},"end":{"line":37,"column":3}},"17":{"start":{"line":36,"column":4},"end":{"line":36,"column":32}},"18":{"start":{"line":40,"column":0},"end":{"line":40,"column":25}},"19":{"start":{"line":41,"column":0},"end":{"line":41,"column":25}},"20":{"start":{"line":43,"column":0},"end":{"line":43,"column":20}}},"fnMap":{"0":{"name":"(anonymous_0)","decl":{"start":{"line":21,"column":10},"end":{"line":21,"column":11}},"loc":{"start":{"line":21,"column":18},"end":{"line":28,"column":3}},"line":21},"1":{"name":"(anonymous_1)","decl":{"start":{"line":29,"column":11},"end":{"line":29,"column":12}},"loc":{"start":{"line":29,"column":19},"end":{"line":32,"column":3}},"line":29},"2":{"name":"(anonymous_2)","decl":{"start":{"line":34,"column":24},"end":{"line":34,"column":25}},"loc":{"start":{"line":34,"column":37},"end":{"line":38,"column":1}},"line":34}},"branchMap":{"0":{"loc":{"start":{"line":8,"column":12},"end":{"line":8,"column":49}},"type":"binary-expr","locations":[{"start":{"line":8,"column":12},"end":{"line":8,"column":32}},{"start":{"line":8,"column":36},"end":{"line":8,"column":49}}],"line":8},"1":{"loc":{"start":{"line":13,"column":0},"end":{"line":17,"column":1}},"type":"if","locations":[{"start":{"line":13,"column":0},"end":{"line":17,"column":1}},{"start":{"line":15,"column":7},"end":{"line":17,"column":1}}],"line":13},"2":{"loc":{"start":{"line":23,"column":6},"end":{"line":26,"column":37}},"type":"binary-expr","locations":[{"start":{"line":23,"column":6},"end":{"line":23,"column":29}},{"start":{"line":24,"column":6},"end":{"line":24,"column":23}},{"start":{"line":25,"column":6},"end":{"line":25,"column":30}},{"start":{"line":26,"column":6},"end":{"line":26,"column":37}}],"line":23},"3":{"loc":{"start":{"line":35,"column":2},"end":{"line":37,"column":3}},"type":"if","locations":[{"start":{"line":35,"column":2},"end":{"line":37,"column":3}},{"start":{},"end":{}}],"line":35}},"s":{"0":1,"1":1,"2":1,"3":1,"4":1,"5":1,"6":1,"7":1,"8":1,"9":0,"10":1,"11":1,"12":4,"13":3,"14":3,"15":1,"16":3,"17":3,"18":1,"19":1,"20":1},"f":{"0":4,"1":3,"2":3},"b":{"0":[1,0],"1":[0,1],"2":[4,4,3,3],"3":[3,0]},"_coverageSchema":"1a1c01bbd47fc00a2c39e90264f33305004495a9","hash":"ef2b2962fa380fe50dc0ba60ed4c009b79173ecd"}
,"C:\\Users\\Asus\\Documents\\final-project-p3\\back-end\\backend-healthrevamp\\server\\models\\user.js": {"path":"C:\\Users\\Asus\\Documents\\final-project-p3\\back-end\\backend-healthrevamp\\server\\models\\user.js","statementMap":{"0":{"start":{"line":2,"column":18},"end":{"line":2,"column":38}},"1":{"start":{"line":3,"column":15},"end":{"line":3,"column":34}},"2":{"start":{"line":4,"column":0},"end":{"line":85,"column":2}},"3":{"start":{"line":12,"column":6},"end":{"line":12,"column":43}},"4":{"start":{"line":13,"column":6},"end":{"line":13,"column":37}},"5":{"start":{"line":16,"column":2},"end":{"line":83,"column":4}},"6":{"start":{"line":74,"column":29},"end":{"line":74,"column":31}},"7":{"start":{"line":75,"column":33},"end":{"line":75,"column":75}},"8":{"start":{"line":76,"column":10},"end":{"line":76,"column":41}},"9":{"start":{"line":84,"column":2},"end":{"line":84,"column":14}}},"fnMap":{"0":{"name":"(anonymous_0)","decl":{"start":{"line":4,"column":17},"end":{"line":4,"column":18}},"loc":{"start":{"line":4,"column":43},"end":{"line":85,"column":1}},"line":4},"1":{"name":"(anonymous_1)","decl":{"start":{"line":11,"column":4},"end":{"line":11,"column":5}},"loc":{"start":{"line":11,"column":29},"end":{"line":14,"column":5}},"line":11},"2":{"name":"(anonymous_2)","decl":{"start":{"line":73,"column":22},"end":{"line":73,"column":23}},"loc":{"start":{"line":73,"column":32},"end":{"line":77,"column":9}},"line":73}},"branchMap":{},"s":{"0":1,"1":1,"2":1,"3":1,"4":1,"5":1,"6":3,"7":3,"8":3,"9":1},"f":{"0":1,"1":1,"2":3},"b":{},"_coverageSchema":"1a1c01bbd47fc00a2c39e90264f33305004495a9","hash":"7116276356609ecdace2c4b444f69837b408dbf0"}
,"C:\\Users\\Asus\\Documents\\final-project-p3\\back-end\\backend-healthrevamp\\server\\routes\\habit.js": {"path":"C:\\Users\\Asus\\Documents\\final-project-p3\\back-end\\backend-healthrevamp\\server\\routes\\habit.js","statementMap":{"0":{"start":{"line":1,"column":16},"end":{"line":1,"column":34}},"1":{"start":{"line":2,"column":15},"end":{"line":2,"column":31}},"2":{"start":{"line":3,"column":23},"end":{"line":3,"column":63}},"3":{"start":{"line":8,"column":4},"end":{"line":8,"column":45}},"4":{"start":{"line":10,"column":0},"end":{"line":10,"column":43}},"5":{"start":{"line":11,"column":0},"end":{"line":11,"column":44}},"6":{"start":{"line":12,"column":0},"end":{"line":12,"column":52}},"7":{"start":{"line":14,"column":0},"end":{"line":14,"column":24}}},"fnMap":{},"branchMap":{},"s":{"0":1,"1":1,"2":1,"3":1,"4":1,"5":1,"6":1,"7":1},"f":{},"b":{},"_coverageSchema":"1a1c01bbd47fc00a2c39e90264f33305004495a9","hash":"35e3cac89bca15bdc16e1e68253cbf3ff19adf5d"}
,"C:\\Users\\Asus\\Documents\\final-project-p3\\back-end\\backend-healthrevamp\\server\\routes\\index.js": {"path":"C:\\Users\\Asus\\Documents\\final-project-p3\\back-end\\backend-healthrevamp\\server\\routes\\index.js","statementMap":{"0":{"start":{"line":1,"column":16},"end":{"line":1,"column":34}},"1":{"start":{"line":2,"column":15},"end":{"line":2,"column":31}},"2":{"start":{"line":3,"column":14},"end":{"line":3,"column":32}},"3":{"start":{"line":4,"column":13},"end":{"line":4,"column":36}},"4":{"start":{"line":6,"column":13},"end":{"line":6,"column":36}},"5":{"start":{"line":7,"column":12},"end":{"line":7,"column":34}},"6":{"start":{"line":9,"column":0},"end":{"line":9,"column":27}},"7":{"start":{"line":10,"column":0},"end":{"line":10,"column":34}},"8":{"start":{"line":11,"column":0},"end":{"line":11,"column":24}},"9":{"start":{"line":12,"column":0},"end":{"line":12,"column":29}},"10":{"start":{"line":14,"column":0},"end":{"line":14,"column":24}}},"fnMap":{},"branchMap":{},"s":{"0":1,"1":1,"2":1,"3":1,"4":1,"5":1,"6":1,"7":1,"8":1,"9":1,"10":1},"f":{},"b":{},"_coverageSchema":"1a1c01bbd47fc00a2c39e90264f33305004495a9","hash":"08904b46644ab028d625ffb79dc2deab230070f6"}
,"C:\\Users\\Asus\\Documents\\final-project-p3\\back-end\\backend-healthrevamp\\server\\routes\\routerALog.js": {"path":"C:\\Users\\Asus\\Documents\\final-project-p3\\back-end\\backend-healthrevamp\\server\\routes\\routerALog.js","statementMap":{"0":{"start":{"line":1,"column":16},"end":{"line":1,"column":34}},"1":{"start":{"line":2,"column":15},"end":{"line":2,"column":31}},"2":{"start":{"line":3,"column":23},"end":{"line":3,"column":63}},"3":{"start":{"line":5,"column":30},"end":{"line":5,"column":77}},"4":{"start":{"line":7,"column":0},"end":{"line":7,"column":62}},"5":{"start":{"line":9,"column":0},"end":{"line":9,"column":24}}},"fnMap":{},"branchMap":{},"s":{"0":1,"1":1,"2":1,"3":1,"4":1,"5":1},"f":{},"b":{},"_coverageSchema":"1a1c01bbd47fc00a2c39e90264f33305004495a9","hash":"93e1cb147e6d82d4b598ca3b91be8a3b08ce990f"}
,"C:\\Users\\Asus\\Documents\\final-project-p3\\back-end\\backend-healthrevamp\\server\\routes\\routerApi.js": {"path":"C:\\Users\\Asus\\Documents\\final-project-p3\\back-end\\backend-healthrevamp\\server\\routes\\routerApi.js","statementMap":{"0":{"start":{"line":1,"column":16},"end":{"line":1,"column":34}},"1":{"start":{"line":2,"column":15},"end":{"line":2,"column":31}},"2":{"start":{"line":3,"column":23},"end":{"line":3,"column":63}},"3":{"start":{"line":12,"column":4},"end":{"line":12,"column":43}},"4":{"start":{"line":14,"column":0},"end":{"line":14,"column":59}},"5":{"start":{"line":15,"column":0},"end":{"line":15,"column":68}},"6":{"start":{"line":16,"column":0},"end":{"line":16,"column":63}},"7":{"start":{"line":17,"column":0},"end":{"line":17,"column":55}},"8":{"start":{"line":18,"column":0},"end":{"line":18,"column":47}},"9":{"start":{"line":19,"column":0},"end":{"line":19,"column":61}},"10":{"start":{"line":21,"column":0},"end":{"line":21,"column":24}}},"fnMap":{},"branchMap":{},"s":{"0":1,"1":1,"2":1,"3":1,"4":1,"5":1,"6":1,"7":1,"8":1,"9":1,"10":1},"f":{},"b":{},"_coverageSchema":"1a1c01bbd47fc00a2c39e90264f33305004495a9","hash":"f64f18bec2c6c655bbf21b88b2e756a4ce127329"}
,"C:\\Users\\Asus\\Documents\\final-project-p3\\back-end\\backend-healthrevamp\\server\\routes\\routerUser.js": {"path":"C:\\Users\\Asus\\Documents\\final-project-p3\\back-end\\backend-healthrevamp\\server\\routes\\routerUser.js","statementMap":{"0":{"start":{"line":1,"column":16},"end":{"line":1,"column":34}},"1":{"start":{"line":2,"column":15},"end":{"line":2,"column":31}},"2":{"start":{"line":3,"column":23},"end":{"line":3,"column":63}},"3":{"start":{"line":12,"column":4},"end":{"line":12,"column":44}},"4":{"start":{"line":14,"column":0},"end":{"line":14,"column":39}},"5":{"start":{"line":15,"column":0},"end":{"line":15,"column":33}},"6":{"start":{"line":17,"column":0},"end":{"line":17,"column":53}},"7":{"start":{"line":18,"column":0},"end":{"line":18,"column":60}},"8":{"start":{"line":19,"column":0},"end":{"line":19,"column":63}},"9":{"start":{"line":20,"column":0},"end":{"line":20,"column":56}},"10":{"start":{"line":22,"column":0},"end":{"line":22,"column":24}}},"fnMap":{},"branchMap":{},"s":{"0":1,"1":1,"2":1,"3":1,"4":1,"5":1,"6":1,"7":1,"8":1,"9":1,"10":1},"f":{},"b":{},"_coverageSchema":"1a1c01bbd47fc00a2c39e90264f33305004495a9","hash":"4cb9a7d8c11d438ac1a4dc341ba92847fa1986c0"}
}
