TN:
SF:app.js
FNF:0
FNH:0
DA:1,1
DA:2,1
DA:3,1
DA:4,1
DA:6,1
DA:8,1
DA:10,1
DA:11,1
DA:12,1
DA:13,1
DA:16,1
DA:17,1
DA:19,1
LF:13
LH:13
BRDA:6,0,0,1
BRDA:6,0,1,1
BRF:2
BRH:2
end_of_record
TN:
SF:controllers\controllerActivityLog.js
FN:10,(anonymous_0)
FNF:1
FNH:0
FNDA:0,(anonymous_0)
DA:1,1
DA:2,1
DA:11,0
DA:12,0
DA:26,0
DA:27,0
DA:29,0
DA:34,0
DA:35,0
DA:40,0
DA:41,0
DA:42,0
DA:45,0
DA:50,1
LF:14
LH:3
BRDA:34,0,0,0
BRDA:34,0,1,0
BRF:2
BRH:0
end_of_record
TN:
SF:controllers\controllerApi.js
FN:11,(anonymous_0)
FN:33,(anonymous_1)
FN:65,(anonymous_2)
FN:88,(anonymous_3)
FN:92,(anonymous_4)
FN:101,(anonymous_5)
FN:110,(anonymous_6)
FN:130,(anonymous_7)
FN:141,(anonymous_8)
FN:164,(anonymous_9)
FN:179,(anonymous_10)
FN:209,(anonymous_11)
FN:211,(anonymous_12)
FN:223,(anonymous_13)
FNF:14
FNH:0
FNDA:0,(anonymous_0)
FNDA:0,(anonymous_1)
FNDA:0,(anonymous_2)
FNDA:0,(anonymous_3)
FNDA:0,(anonymous_4)
FNDA:0,(anonymous_5)
FNDA:0,(anonymous_6)
FNDA:0,(anonymous_7)
FNDA:0,(anonymous_8)
FNDA:0,(anonymous_9)
FNDA:0,(anonymous_10)
FNDA:0,(anonymous_11)
FNDA:0,(anonymous_12)
FNDA:0,(anonymous_13)
DA:1,1
DA:2,1
DA:5,1
DA:6,1
DA:7,1
DA:8,1
DA:12,0
DA:13,0
DA:16,0
DA:24,0
DA:29,0
DA:34,0
DA:35,0
DA:37,0
DA:54,0
DA:59,0
DA:61,0
DA:66,0
DA:68,0
DA:80,0
DA:81,0
DA:82,0
DA:84,0
DA:88,0
DA:91,0
DA:92,0
DA:94,0
DA:95,0
DA:97,0
DA:102,0
DA:104,0
DA:106,0
DA:110,0
DA:113,0
DA:126,0
DA:127,0
DA:130,0
DA:131,0
DA:134,0
DA:135,0
DA:137,0
DA:142,0
DA:143,0
DA:145,0
DA:152,0
DA:154,0
DA:155,0
DA:159,0
DA:164,0
DA:165,0
DA:169,0
DA:172,0
DA:175,0
DA:180,0
DA:181,0
DA:183,0
DA:202,0
DA:204,0
DA:205,0
DA:211,0
DA:212,0
DA:214,0
DA:218,0
DA:223,0
DA:224,0
DA:237,1
LF:66
LH:7
BRDA:154,0,0,0
BRDA:154,0,1,0
BRF:2
BRH:0
end_of_record
TN:
SF:controllers\controllerHabit.js
FN:4,(anonymous_0)
FN:22,(anonymous_1)
FN:42,(anonymous_2)
FNF:3
FNH:0
FNDA:0,(anonymous_0)
FNDA:0,(anonymous_1)
FNDA:0,(anonymous_2)
DA:1,1
DA:5,0
DA:6,0
DA:7,0
DA:8,0
DA:13,0
DA:18,0
DA:23,0
DA:24,0
DA:25,0
DA:26,0
DA:33,0
DA:38,0
DA:43,0
DA:44,0
DA:45,0
DA:46,0
DA:47,0
DA:48,0
DA:49,0
DA:55,0
DA:60,0
DA:65,1
LF:23
LH:2
BRDA:47,0,0,0
BRDA:47,0,1,0
BRDA:48,1,0,0
BRDA:48,1,1,0
BRF:4
BRH:0
end_of_record
TN:
SF:controllers\controllerUser.js
FN:7,(anonymous_0)
FN:33,(anonymous_1)
FN:71,(anonymous_2)
FN:88,(anonymous_3)
FN:114,(anonymous_4)
FN:146,(anonymous_5)
FN:156,(anonymous_6)
FNF:7
FNH:7
FNDA:4,(anonymous_0)
FNDA:4,(anonymous_1)
FNDA:1,(anonymous_2)
FNDA:1,(anonymous_3)
FNDA:1,(anonymous_4)
FNDA:1,(anonymous_5)
FNDA:1,(anonymous_6)
DA:1,1
DA:2,1
DA:3,1
DA:4,1
DA:8,4
DA:9,4
DA:10,4
DA:22,2
DA:23,2
DA:29,2
DA:34,4
DA:35,4
DA:36,4
DA:38,4
DA:39,3
DA:40,3
DA:42,3
DA:50,3
DA:52,2
DA:64,1
DA:67,2
DA:72,1
DA:77,1
DA:78,1
DA:79,1
DA:84,0
DA:89,1
DA:90,1
DA:92,1
DA:93,1
DA:95,1
DA:97,1
DA:100,0
DA:103,1
DA:105,1
DA:110,0
DA:115,1
DA:116,1
DA:119,1
DA:121,1
DA:123,1
DA:124,1
DA:125,0
DA:128,1
DA:129,1
DA:130,1
DA:132,1
DA:133,0
DA:135,1
DA:137,1
DA:142,0
DA:147,1
DA:148,1
DA:151,1
DA:156,1
DA:157,1
DA:159,1
DA:168,0
DA:173,1
LF:59
LH:52
BRDA:22,0,0,2
BRDA:22,0,1,0
BRDA:38,1,0,1
BRDA:38,1,1,3
BRDA:40,2,0,3
BRDA:40,2,1,0
BRDA:50,3,0,2
BRDA:50,3,1,1
BRDA:95,4,0,1
BRDA:95,4,1,0
BRDA:124,5,0,0
BRDA:124,5,1,1
BRDA:132,6,0,0
BRDA:132,6,1,1
BRF:14
BRH:9
end_of_record
TN:
SF:helpers\jwt-generator.js
FN:6,(anonymous_0)
FN:11,(anonymous_1)
FNF:2
FNH:2
FNDA:3,(anonymous_0)
FNDA:7,(anonymous_1)
DA:1,1
DA:3,1
DA:6,1
DA:7,3
DA:11,1
DA:12,7
DA:15,1
LF:7
LH:7
BRDA:3,0,0,1
BRDA:3,0,1,1
BRF:2
BRH:2
end_of_record
TN:
SF:helpers\subscribePayment.js
FN:1,(anonymous_0)
FNF:1
FNH:0
FNDA:0,(anonymous_0)
DA:1,1
DA:2,0
DA:4,0
DA:6,0
DA:8,0
DA:10,0
DA:14,1
LF:7
LH:2
BRDA:2,0,0,0
BRDA:2,0,1,0
BRDA:2,0,2,0
BRDA:2,0,3,0
BRF:4
BRH:0
end_of_record
TN:
SF:helpers\updateDate.js
FN:1,(anonymous_0)
FNF:1
FNH:1
FNDA:5,(anonymous_0)
DA:1,1
DA:2,5
DA:5,1
LF:3
LH:3
BRF:0
BRH:0
end_of_record
TN:
SF:middlewares\authentication.js
FN:4,authentication
FNF:1
FNH:1
FNDA:10,authentication
DA:1,1
DA:2,1
DA:5,10
DA:6,10
DA:7,10
DA:8,10
DA:9,3
DA:12,7
DA:14,4
DA:15,4
DA:17,4
DA:18,0
DA:21,4
DA:28,4
DA:30,6
DA:34,1
LF:16
LH:15
BRDA:8,0,0,3
BRDA:8,0,1,7
BRDA:17,1,0,0
BRDA:17,1,1,4
BRF:4
BRH:3
end_of_record
TN:
SF:middlewares\errorHandling.js
FN:1,errorHandling
FN:7,(anonymous_1)
FNF:2
FNH:2
FNDA:10,errorHandling
FNDA:4,(anonymous_1)
DA:2,10
DA:3,10
DA:4,10
DA:5,10
DA:7,1
DA:8,4
DA:10,1
DA:11,1
DA:12,1
DA:14,3
DA:15,3
DA:16,3
DA:18,3
DA:19,3
DA:20,3
DA:22,2
DA:23,2
DA:24,2
DA:26,0
DA:27,0
DA:28,0
DA:30,0
DA:31,0
DA:32,0
DA:34,1
DA:35,1
DA:36,1
DA:38,0
DA:39,0
DA:41,10
DA:47,1
LF:31
LH:23
BRDA:5,0,0,1
BRDA:5,0,1,3
BRDA:5,0,2,3
BRDA:5,0,3,2
BRDA:5,0,4,0
BRDA:5,0,5,0
BRDA:5,0,6,1
BRDA:5,0,7,0
BRF:8
BRH:5
end_of_record
TN:
SF:models\activitylog.js
FN:3,(anonymous_0)
FN:10,(anonymous_1)
FNF:2
FNH:2
FNDA:1,(anonymous_0)
FNDA:1,(anonymous_1)
DA:2,1
DA:3,1
DA:12,1
DA:15,1
DA:40,1
LF:5
LH:5
BRF:0
BRH:0
end_of_record
TN:
SF:models\habit.js
FN:3,(anonymous_0)
FN:10,(anonymous_1)
FNF:2
FNH:2
FNDA:1,(anonymous_0)
FNDA:1,(anonymous_1)
DA:2,1
DA:3,1
DA:12,1
DA:15,1
DA:53,1
LF:5
LH:5
BRF:0
BRH:0
end_of_record
TN:
SF:models\index.js
FN:21,(anonymous_0)
FN:29,(anonymous_1)
FN:34,(anonymous_2)
FNF:3
FNH:3
FNDA:4,(anonymous_0)
FNDA:3,(anonymous_1)
FNDA:3,(anonymous_2)
DA:3,1
DA:4,1
DA:5,1
DA:6,1
DA:7,1
DA:8,1
DA:9,1
DA:10,1
DA:13,1
DA:14,0
DA:16,1
DA:19,1
DA:22,4
DA:30,3
DA:31,3
DA:34,1
DA:35,3
DA:36,3
DA:40,1
DA:41,1
DA:43,1
LF:21
LH:20
BRDA:8,0,0,1
BRDA:8,0,1,0
BRDA:13,1,0,0
BRDA:13,1,1,1
BRDA:23,2,0,4
BRDA:23,2,1,4
BRDA:23,2,2,3
BRDA:23,2,3,3
BRDA:35,3,0,3
BRDA:35,3,1,0
BRF:10
BRH:7
end_of_record
TN:
SF:models\user.js
FN:4,(anonymous_0)
FN:11,(anonymous_1)
FN:73,(anonymous_2)
FNF:3
FNH:3
FNDA:1,(anonymous_0)
FNDA:1,(anonymous_1)
FNDA:3,(anonymous_2)
DA:2,1
DA:3,1
DA:4,1
DA:12,1
DA:13,1
DA:16,1
DA:74,3
DA:75,3
DA:76,3
DA:84,1
LF:10
LH:10
BRF:0
BRH:0
end_of_record
TN:
SF:routes\habit.js
FNF:0
FNH:0
DA:1,1
DA:2,1
DA:3,1
DA:8,1
DA:10,1
DA:11,1
DA:12,1
DA:14,1
LF:8
LH:8
BRF:0
BRH:0
end_of_record
TN:
SF:routes\index.js
FNF:0
FNH:0
DA:1,1
DA:2,1
DA:3,1
DA:4,1
DA:6,1
DA:7,1
DA:9,1
DA:10,1
DA:11,1
DA:12,1
DA:14,1
LF:11
LH:11
BRF:0
BRH:0
end_of_record
TN:
SF:routes\routerALog.js
FNF:0
FNH:0
DA:1,1
DA:2,1
DA:3,1
DA:5,1
DA:7,1
DA:9,1
LF:6
LH:6
BRF:0
BRH:0
end_of_record
TN:
SF:routes\routerApi.js
FNF:0
FNH:0
DA:1,1
DA:2,1
DA:3,1
DA:12,1
DA:14,1
DA:15,1
DA:16,1
DA:17,1
DA:18,1
DA:19,1
DA:21,1
LF:11
LH:11
BRF:0
BRH:0
end_of_record
TN:
SF:routes\routerUser.js
FNF:0
FNH:0
DA:1,1
DA:2,1
DA:3,1
DA:12,1
DA:14,1
DA:15,1
DA:17,1
DA:18,1
DA:19,1
DA:20,1
DA:22,1
LF:11
LH:11
BRF:0
BRH:0
end_of_record
