TN:
SF:app.js
FNF:0
FNH:0
DA:1,4
DA:2,4
DA:3,4
DA:4,4
DA:6,4
DA:8,4
DA:10,4
DA:11,4
DA:12,4
DA:13,4
DA:16,4
DA:17,4
DA:19,4
LF:13
LH:13
BRDA:6,0,0,4
BRDA:6,0,1,4
BRF:2
BRH:2
end_of_record
TN:
SF:controllers\controllerActivityLog.js
FN:10,(anonymous_0)
FNF:1
FNH:1
FNDA:2,(anonymous_0)
DA:1,4
DA:2,4
DA:11,2
DA:12,2
DA:26,2
DA:27,2
DA:29,1
DA:34,1
DA:35,1
DA:40,1
DA:41,1
DA:43,1
DA:52,1
DA:55,1
DA:60,4
LF:15
LH:15
BRDA:34,0,0,1
BRDA:34,0,1,0
BRF:2
BRH:1
end_of_record
TN:
SF:controllers\controllerApi.js
FN:11,(anonymous_0)
FN:33,(anonymous_1)
FN:65,(anonymous_2)
FN:88,(anonymous_3)
FN:92,(anonymous_4)
FN:101,(anonymous_5)
FN:110,(anonymous_6)
FN:130,(anonymous_7)
FN:141,(anonymous_8)
FN:164,(anonymous_9)
FN:179,(anonymous_10)
FN:209,(anonymous_11)
FN:211,(anonymous_12)
FN:223,(anonymous_13)
FNF:14
FNH:9
FNDA:4,(anonymous_0)
FNDA:1,(anonymous_1)
FNDA:1,(anonymous_2)
FNDA:0,(anonymous_3)
FNDA:121,(anonymous_4)
FNDA:1,(anonymous_5)
FNDA:0,(anonymous_6)
FNDA:121,(anonymous_7)
FNDA:1,(anonymous_8)
FNDA:1,(anonymous_9)
FNDA:1,(anonymous_10)
FNDA:0,(anonymous_11)
FNDA:0,(anonymous_12)
FNDA:0,(anonymous_13)
DA:1,4
DA:2,4
DA:5,4
DA:6,4
DA:7,4
DA:8,4
DA:12,4
DA:13,4
DA:16,4
DA:24,4
DA:29,0
DA:34,1
DA:35,1
DA:37,1
DA:54,1
DA:59,1
DA:61,0
DA:66,1
DA:68,1
DA:80,1
DA:81,1
DA:82,1
DA:84,1
DA:88,1
DA:91,1
DA:92,121
DA:94,1
DA:95,1
DA:97,0
DA:102,1
DA:104,1
DA:106,1
DA:110,1
DA:113,1
DA:126,1
DA:127,1
DA:130,1
DA:131,121
DA:134,1
DA:135,1
DA:137,0
DA:142,1
DA:143,1
DA:145,1
DA:152,1
DA:154,1
DA:155,1
DA:159,1
DA:164,1
DA:165,1
DA:169,1
DA:172,1
DA:175,0
DA:180,1
DA:181,1
DA:183,1
DA:202,1
DA:204,0
DA:205,0
DA:211,0
DA:212,0
DA:214,0
DA:218,0
DA:223,0
DA:224,0
DA:237,4
LF:66
LH:53
BRDA:154,0,0,1
BRDA:154,0,1,0
BRF:2
BRH:1
end_of_record
TN:
SF:controllers\controllerHabit.js
FN:4,(anonymous_0)
FN:22,(anonymous_1)
FN:43,(anonymous_2)
FN:63,(anonymous_3)
FNF:4
FNH:4
FNDA:1,(anonymous_0)
FNDA:2,(anonymous_1)
FNDA:2,(anonymous_2)
FNDA:2,(anonymous_3)
DA:1,4
DA:5,1
DA:6,1
DA:7,1
DA:8,1
DA:13,1
DA:18,0
DA:23,2
DA:24,2
DA:25,2
DA:27,2
DA:33,2
DA:34,1
DA:39,1
DA:44,2
DA:45,2
DA:46,2
DA:47,2
DA:54,1
DA:59,1
DA:64,2
DA:65,2
DA:66,2
DA:67,2
DA:68,2
DA:69,2
DA:70,1
DA:76,1
DA:81,1
DA:86,4
LF:30
LH:29
BRDA:33,0,0,1
BRDA:33,0,1,1
BRDA:68,1,0,0
BRDA:68,1,1,2
BRDA:69,2,0,1
BRDA:69,2,1,1
BRF:6
BRH:5
end_of_record
TN:
SF:controllers\controllerUser.js
FN:7,(anonymous_0)
FN:33,(anonymous_1)
FN:71,(anonymous_2)
FN:88,(anonymous_3)
FN:114,(anonymous_4)
FN:146,(anonymous_5)
FN:155,(anonymous_6)
FNF:7
FNH:7
FNDA:4,(anonymous_0)
FNDA:4,(anonymous_1)
FNDA:2,(anonymous_2)
FNDA:1,(anonymous_3)
FNDA:2,(anonymous_4)
FNDA:1,(anonymous_5)
FNDA:2,(anonymous_6)
DA:1,4
DA:2,4
DA:3,4
DA:4,4
DA:8,4
DA:9,4
DA:10,4
DA:22,2
DA:23,2
DA:29,2
DA:34,4
DA:35,4
DA:36,4
DA:38,4
DA:39,3
DA:40,3
DA:42,3
DA:50,3
DA:52,2
DA:64,1
DA:67,2
DA:72,2
DA:77,2
DA:78,2
DA:79,2
DA:84,0
DA:89,1
DA:90,1
DA:92,1
DA:93,1
DA:95,1
DA:97,1
DA:100,0
DA:103,1
DA:105,1
DA:110,0
DA:115,2
DA:116,2
DA:119,2
DA:121,2
DA:123,2
DA:124,2
DA:125,1
DA:128,2
DA:129,2
DA:130,2
DA:132,2
DA:133,1
DA:135,2
DA:137,2
DA:142,0
DA:147,1
DA:148,1
DA:151,1
DA:155,2
DA:156,1
DA:158,1
DA:167,0
DA:172,4
LF:59
LH:54
BRDA:22,0,0,2
BRDA:22,0,1,0
BRDA:38,1,0,1
BRDA:38,1,1,3
BRDA:40,2,0,3
BRDA:40,2,1,0
BRDA:50,3,0,2
BRDA:50,3,1,1
BRDA:95,4,0,1
BRDA:95,4,1,0
BRDA:124,5,0,1
BRDA:124,5,1,1
BRDA:132,6,0,1
BRDA:132,6,1,1
BRF:14
BRH:11
end_of_record
TN:
SF:helpers\jwt-generator.js
FN:6,(anonymous_0)
FN:11,(anonymous_1)
FNF:2
FNH:2
FNDA:9,(anonymous_0)
FNDA:27,(anonymous_1)
DA:1,4
DA:3,4
DA:6,4
DA:7,9
DA:11,4
DA:12,27
DA:15,4
LF:7
LH:7
BRDA:3,0,0,4
BRDA:3,0,1,4
BRF:2
BRH:2
end_of_record
TN:
SF:helpers\subscribePayment.js
FN:1,(anonymous_0)
FNF:1
FNH:1
FNDA:4,(anonymous_0)
DA:1,4
DA:2,4
DA:4,1
DA:6,1
DA:8,1
DA:10,1
DA:14,4
LF:7
LH:7
BRDA:2,0,0,1
BRDA:2,0,1,1
BRDA:2,0,2,1
BRDA:2,0,3,1
BRF:4
BRH:4
end_of_record
TN:
SF:helpers\updateDate.js
FN:1,(anonymous_0)
FNF:1
FNH:1
FNDA:11,(anonymous_0)
DA:1,4
DA:2,11
DA:5,4
LF:3
LH:3
BRF:0
BRH:0
end_of_record
TN:
SF:middlewares\authentication.js
FN:4,authentication
FNF:1
FNH:1
FNDA:30,authentication
DA:1,4
DA:2,4
DA:5,30
DA:6,30
DA:7,30
DA:8,30
DA:9,3
DA:12,27
DA:14,24
DA:15,24
DA:17,24
DA:18,0
DA:21,24
DA:28,24
DA:30,6
DA:34,4
LF:16
LH:15
BRDA:8,0,0,3
BRDA:8,0,1,27
BRDA:17,1,0,0
BRDA:17,1,1,24
BRF:4
BRH:3
end_of_record
TN:
SF:middlewares\errorHandling.js
FN:1,errorHandling
FN:7,(anonymous_1)
FNF:2
FNH:2
FNDA:14,errorHandling
FNDA:6,(anonymous_1)
DA:2,14
DA:3,14
DA:4,14
DA:5,14
DA:7,2
DA:8,6
DA:10,2
DA:11,2
DA:12,2
DA:14,3
DA:15,3
DA:16,3
DA:18,3
DA:19,3
DA:20,3
DA:22,2
DA:23,2
DA:24,2
DA:26,1
DA:27,1
DA:28,1
DA:30,1
DA:31,1
DA:32,1
DA:34,1
DA:35,1
DA:36,1
DA:38,1
DA:39,1
DA:40,1
DA:42,0
DA:43,0
DA:45,14
DA:51,4
LF:34
LH:32
BRDA:5,0,0,2
BRDA:5,0,1,3
BRDA:5,0,2,3
BRDA:5,0,3,2
BRDA:5,0,4,1
BRDA:5,0,5,1
BRDA:5,0,6,1
BRDA:5,0,7,1
BRDA:5,0,8,0
BRF:9
BRH:8
end_of_record
TN:
SF:models\activitylog.js
FN:3,(anonymous_0)
FN:10,(anonymous_1)
FNF:2
FNH:2
FNDA:4,(anonymous_0)
FNDA:4,(anonymous_1)
DA:2,4
DA:3,4
DA:12,4
DA:15,4
DA:40,4
LF:5
LH:5
BRF:0
BRH:0
end_of_record
TN:
SF:models\habit.js
FN:3,(anonymous_0)
FN:10,(anonymous_1)
FNF:2
FNH:2
FNDA:4,(anonymous_0)
FNDA:4,(anonymous_1)
DA:2,4
DA:3,4
DA:12,4
DA:15,4
DA:53,4
LF:5
LH:5
BRF:0
BRH:0
end_of_record
TN:
SF:models\index.js
FN:21,(anonymous_0)
FN:29,(anonymous_1)
FN:34,(anonymous_2)
FNF:3
FNH:3
FNDA:16,(anonymous_0)
FNDA:12,(anonymous_1)
FNDA:12,(anonymous_2)
DA:3,4
DA:4,4
DA:5,4
DA:6,4
DA:7,4
DA:8,4
DA:9,4
DA:10,4
DA:13,4
DA:14,0
DA:16,4
DA:19,4
DA:22,16
DA:30,12
DA:31,12
DA:34,4
DA:35,12
DA:36,12
DA:40,4
DA:41,4
DA:43,4
LF:21
LH:20
BRDA:8,0,0,4
BRDA:8,0,1,0
BRDA:13,1,0,0
BRDA:13,1,1,4
BRDA:23,2,0,16
BRDA:23,2,1,16
BRDA:23,2,2,12
BRDA:23,2,3,12
BRDA:35,3,0,12
BRDA:35,3,1,0
BRF:10
BRH:7
end_of_record
TN:
SF:models\user.js
FN:4,(anonymous_0)
FN:11,(anonymous_1)
FN:73,(anonymous_2)
FNF:3
FNH:3
FNDA:4,(anonymous_0)
FNDA:4,(anonymous_1)
FNDA:9,(anonymous_2)
DA:2,4
DA:3,4
DA:4,4
DA:12,4
DA:13,4
DA:16,4
DA:74,9
DA:75,9
DA:76,9
DA:84,4
LF:10
LH:10
BRF:0
BRH:0
end_of_record
TN:
SF:routes\habit.js
FNF:0
FNH:0
DA:1,4
DA:2,4
DA:3,4
DA:9,4
DA:11,4
DA:12,4
DA:13,4
DA:14,4
DA:16,4
LF:9
LH:9
BRF:0
BRH:0
end_of_record
TN:
SF:routes\index.js
FNF:0
FNH:0
DA:1,4
DA:2,4
DA:3,4
DA:4,4
DA:6,4
DA:7,4
DA:9,4
DA:10,4
DA:11,4
DA:12,4
DA:14,4
LF:11
LH:11
BRF:0
BRH:0
end_of_record
TN:
SF:routes\routerALog.js
FNF:0
FNH:0
DA:1,4
DA:2,4
DA:3,4
DA:5,4
DA:7,4
DA:9,4
LF:6
LH:6
BRF:0
BRH:0
end_of_record
TN:
SF:routes\routerApi.js
FNF:0
FNH:0
DA:1,4
DA:2,4
DA:3,4
DA:12,4
DA:14,4
DA:15,4
DA:16,4
DA:17,4
DA:18,4
DA:19,4
DA:21,4
LF:11
LH:11
BRF:0
BRH:0
end_of_record
TN:
SF:routes\routerUser.js
FNF:0
FNH:0
DA:1,4
DA:2,4
DA:3,4
DA:12,4
DA:14,4
DA:15,4
DA:17,4
DA:18,4
DA:19,4
DA:20,4
DA:22,4
LF:11
LH:11
BRF:0
BRH:0
end_of_record
